This file contains any messages produced by compilers while
running configure, to aid debugging if configure makes a mistake.

It was created by configure, which was
generated by GNU Autoconf 2.69.  Invocation command line was

  $ .farm/versions/2.6.4/configure 

## --------- ##
## Platform. ##
## --------- ##

hostname = MBP.local
uname -m = x86_64
uname -r = 19.6.0
uname -s = Darwin
uname -v = Darwin Kernel Version 19.6.0: Thu Jun 18 20:49:00 PDT 2020; root:xnu-6153.141.1~1/RELEASE_X86_64

/usr/bin/uname -p = i386
/bin/uname -X     = unknown

/bin/arch              = unknown
/usr/bin/arch -k       = unknown
/usr/convex/getsysinfo = unknown
/usr/bin/hostinfo      = Mach kernel version:
	 Darwin Kernel Version 19.6.0: Thu Jun 18 20:49:00 PDT 2020; root:xnu-6153.141.1~1/RELEASE_X86_64
Kernel configured for up to 8 processors.
4 processors are physically available.
8 processors are logically available.
Processor type: x86_64h (Intel x86-64h Haswell)
Processors active: 0 1 2 3 4 5 6 7
Primary memory available: 16.00 gigabytes
Default processor set: 441 tasks, 3211 threads, 8 processors
Load average: 1.58, Mach factor: 6.41
/bin/machine           = unknown
/usr/bin/oslevel       = unknown
/bin/universe          = unknown

PATH: /usr/local/Caskroom/google-cloud-sdk/latest/google-cloud-sdk/bin
PATH: /usr/local/Cellar/git/2.5.0/bin
PATH: /Users/tako8ki/.nimble/bin
PATH: /usr/local/bin
PATH: /Users/tako8ki/.nodenv/shims
PATH: /Users/tako8ki/.nodenv/bin
PATH: /Users/tako8ki/.pyenv/shims
PATH: /Users/tako8ki/.pyenv/shims
PATH: /Users/tako8ki/.pyenv/bin
PATH: /Users/tako8ki/.goenv/shims
PATH: /Users/tako8ki/.goenv/shims
PATH: /Users/tako8ki/.goenv/bin
PATH: /Users/tako8ki/go/bin
PATH: /Users/tako8ki/.rbenv/shims
PATH: /Users/tako8ki/.rbenv/shims
PATH: /Users/tako8ki/.cargo/bin
PATH: /usr/local/bin
PATH: /usr/bin
PATH: /bin
PATH: /usr/sbin
PATH: /sbin
PATH: /usr/local/Caskroom/google-cloud-sdk/latest/google-cloud-sdk/bin
PATH: /usr/local/Cellar/git/2.5.0/bin
PATH: /Users/tako8ki/.nimble/bin
PATH: /Users/tako8ki/.nodenv/shims
PATH: /Users/tako8ki/.nodenv/bin
PATH: /Users/tako8ki/.pyenv/shims
PATH: /Users/tako8ki/.pyenv/bin
PATH: /Users/tako8ki/.goenv/shims
PATH: /Users/tako8ki/.goenv/bin
PATH: /Users/tako8ki/go/bin
PATH: /Users/tako8ki/.rbenv/shims
PATH: /Users/tako8ki/.cargo/bin
PATH: /Users/tako8ki/Programming/Go/go/bin
PATH: /Users/tako8ki/.cache/dein/repos/github.com/junegunn/fzf/bin
PATH: /usr/local/bin
PATH: /Users/tako8ki/Programming/Go/go/bin


## ----------- ##
## Core tests. ##
## ----------- ##

configure:2996: checking for ruby
configure:3014: found /usr/local/bin/ruby
configure:3027: result: /usr/local/bin/ruby
configure:3105: checking build system type
configure:3119: result: x86_64-apple-darwin19.6.0
configure:3207: checking host system type
configure:3220: result: x86_64-apple-darwin19.6.0
configure:3240: checking target system type
configure:3253: result: x86_64-apple-darwin19.6.0
configure:3436: checking for clang
configure:3452: found /usr/bin/clang
configure:3463: result: clang
configure:3649: checking for gcc
configure:3676: result: clang
configure:3905: checking for C compiler version
configure:3914: clang --version >&5
Apple clang version 12.0.0 (clang-1200.0.31.1)
Target: x86_64-apple-darwin19.6.0
Thread model: posix
InstalledDir: /Library/Developer/CommandLineTools/usr/bin
configure:3925: $? = 0
configure:3914: clang -v >&5
Apple clang version 12.0.0 (clang-1200.0.31.1)
Target: x86_64-apple-darwin19.6.0
Thread model: posix
InstalledDir: /Library/Developer/CommandLineTools/usr/bin
configure:3925: $? = 0
configure:3914: clang -V >&5
clang: error: argument to '-V' is missing (expected 1 value)
clang: error: no input files
configure:3925: $? = 1
configure:3914: clang -qversion >&5
clang: error: unknown argument '-qversion'; did you mean '--version'?
clang: error: no input files
configure:3925: $? = 1
configure:3945: checking whether the C compiler works
configure:3967: clang    conftest.c  >&5
configure:3971: $? = 0
configure:4019: result: yes
configure:4022: checking for C compiler default output file name
configure:4024: result: a.out
configure:4030: checking for suffix of executables
configure:4037: clang -o conftest    conftest.c  >&5
configure:4041: $? = 0
configure:4063: result: 
configure:4085: checking whether we are cross compiling
configure:4093: clang -o conftest    conftest.c  >&5
configure:4097: $? = 0
configure:4104: ./conftest
configure:4108: $? = 0
configure:4123: result: no
configure:4128: checking for suffix of object files
configure:4150: clang -c   conftest.c >&5
configure:4154: $? = 0
configure:4175: result: o
configure:4179: checking whether we are using the GNU C compiler
configure:4198: clang -c   conftest.c >&5
configure:4198: $? = 0
configure:4207: result: yes
configure:4216: checking whether clang accepts -g
configure:4236: clang -c -g  conftest.c >&5
configure:4236: $? = 0
configure:4277: result: yes
configure:4294: checking for clang option to accept ISO C89
configure:4357: clang  -c -g -O2  conftest.c >&5
configure:4357: $? = 0
configure:4370: result: none needed
configure:5050: checking for C++ compiler version
configure:5059: clang++ --version >&5
Apple clang version 12.0.0 (clang-1200.0.31.1)
Target: x86_64-apple-darwin19.6.0
Thread model: posix
InstalledDir: /Library/Developer/CommandLineTools/usr/bin
configure:5070: $? = 0
configure:5059: clang++ -v >&5
Apple clang version 12.0.0 (clang-1200.0.31.1)
Target: x86_64-apple-darwin19.6.0
Thread model: posix
InstalledDir: /Library/Developer/CommandLineTools/usr/bin
configure:5070: $? = 0
configure:5059: clang++ -V >&5
clang: error: argument to '-V' is missing (expected 1 value)
clang: error: no input files
configure:5070: $? = 1
configure:5059: clang++ -qversion >&5
clang: error: unknown argument '-qversion'; did you mean '--version'?
clang: error: no input files
configure:5070: $? = 1
configure:5074: checking whether we are using the GNU C++ compiler
configure:5093: clang++ -c   conftest.cpp >&5
configure:5093: $? = 0
configure:5102: result: yes
configure:5111: checking whether clang++ accepts -g
configure:5131: clang++ -c -g  conftest.cpp >&5
configure:5131: $? = 0
configure:5172: result: yes
configure:5201: checking how to run the C preprocessor
configure:5232: clang -E  conftest.c
configure:5232: $? = 0
configure:5246: clang -E  conftest.c
conftest.c:9:10: fatal error: 'ac_nonexistent.h' file not found
#include <ac_nonexistent.h>
         ^~~~~~~~~~~~~~~~~~
1 error generated.
configure:5246: $? = 1
configure: failed program was:
| /* confdefs.h */
| #define PACKAGE_NAME ""
| #define PACKAGE_TARNAME ""
| #define PACKAGE_VERSION ""
| #define PACKAGE_STRING ""
| #define PACKAGE_BUGREPORT ""
| #define PACKAGE_URL ""
| /* end confdefs.h.  */
| #include <ac_nonexistent.h>
configure:5271: result: clang -E
configure:5291: clang -E  conftest.c
configure:5291: $? = 0
configure:5305: clang -E  conftest.c
conftest.c:9:10: fatal error: 'ac_nonexistent.h' file not found
#include <ac_nonexistent.h>
         ^~~~~~~~~~~~~~~~~~
1 error generated.
configure:5305: $? = 1
configure: failed program was:
| /* confdefs.h */
| #define PACKAGE_NAME ""
| #define PACKAGE_TARNAME ""
| #define PACKAGE_VERSION ""
| #define PACKAGE_STRING ""
| #define PACKAGE_BUGREPORT ""
| #define PACKAGE_URL ""
| /* end confdefs.h.  */
| #include <ac_nonexistent.h>
configure:5388: checking for grep that handles long lines and -e
configure:5446: result: /usr/bin/grep
configure:5451: checking for egrep
configure:5513: result: /usr/bin/grep -E
configure:5519: checking whether clang needs -traditional
conftest.c:9:10: fatal error: 'termio.h' file not found
#include <termio.h>
         ^~~~~~~~~~
1 error generated.
configure:5553: result: no
configure:5707: checking for ld
configure:5723: found /usr/bin/ld
configure:5734: result: ld
configure:5789: checking whether the linker is GNU ld
configure:5804: result: no
configure:5808: checking whether clang -E accepts -o
configure:5820: clang -E -o conftest-1.i conftest.c
configure:5820: $? = 0
configure:5827: result: yes
configure:5856: checking for clang
configure:5874: found /usr/bin/clang
configure:5886: result: /usr/bin/clang
configure:6053: checking for real target cpu
configure:6072: result: x86_64
configure:6181: checking for ranlib
configure:6208: result: :
configure:6281: checking for ar
configure:6308: result: libtool -static
configure:6379: checking for libtool -static flags
configure:6392: result: -no_warning_for_no_symbols -o
configure:6440: checking for as
configure:6456: found /usr/bin/as
configure:6467: result: as
configure:6549: checking for objdump
configure:6565: found /usr/bin/objdump
configure:6576: result: objdump
configure:6649: checking for objcopy
configure:6679: result: no
configure:6649: checking for gobjcopy
configure:6679: result: no
configure:7100: checking for nm
configure:7116: found /usr/bin/nm
configure:7127: result: nm
configure:7152: checking whether ln -s works
configure:7156: result: yes
configure:7163: checking whether make sets $(MAKE)
configure:7185: result: yes
configure:7208: checking for a BSD-compatible install
configure:7276: result: /usr/bin/install -c
configure:7287: checking for a thread-safe mkdir -p
configure:7326: result:  -d
configure:7348: checking for dtrace
configure:7364: found /usr/sbin/dtrace
configure:7375: result: dtrace
configure:7429: checking for dot
configure:7459: result: no
configure:7471: checking for doxygen
configure:7501: result: no
configure:7512: checking for pkg-config
configure:7533: found /usr/local/bin/pkg-config
configure:7556: result: pkg-config
configure:7566: checking for ANSI C header files
configure:7586: clang -c -g -O2  conftest.c >&5
configure:7586: $? = 0

## ---------------- ##
## Cache variables. ##
## ---------------- ##

ac_cv_build=x86_64-apple-darwin19.6.0
ac_cv_c_compiler_gnu=yes
ac_cv_cxx_compiler_gnu=yes
ac_cv_env_CCC_set=
ac_cv_env_CCC_value=
ac_cv_env_CC_set=
ac_cv_env_CC_value=
ac_cv_env_CFLAGS_set=
ac_cv_env_CFLAGS_value=
ac_cv_env_CPPFLAGS_set=
ac_cv_env_CPPFLAGS_value=
ac_cv_env_CPP_set=
ac_cv_env_CPP_value=
ac_cv_env_CXXFLAGS_set=
ac_cv_env_CXXFLAGS_value=
ac_cv_env_CXX_set=
ac_cv_env_CXX_value=
ac_cv_env_LDFLAGS_set=
ac_cv_env_LDFLAGS_value=
ac_cv_env_LIBS_set=
ac_cv_env_LIBS_value=
ac_cv_env_build_alias_set=
ac_cv_env_build_alias_value=
ac_cv_env_cflags_set=
ac_cv_env_cflags_value=
ac_cv_env_cppflags_set=
ac_cv_env_cppflags_value=
ac_cv_env_cxxflags_set=
ac_cv_env_cxxflags_value=
ac_cv_env_host_alias_set=
ac_cv_env_host_alias_value=
ac_cv_env_target_alias_set=
ac_cv_env_target_alias_value=
ac_cv_header_stdc=yes
ac_cv_host=x86_64-apple-darwin19.6.0
ac_cv_objext=o
ac_cv_path_BASERUBY=/usr/local/bin/ruby
ac_cv_path_EGREP='/usr/bin/grep -E'
ac_cv_path_GREP=/usr/bin/grep
ac_cv_path_MJIT_CC=/usr/bin/clang
ac_cv_path_install='/usr/bin/install -c'
ac_cv_prog_CPP='clang -E'
ac_cv_prog_CXX=clang++
ac_cv_prog_DTRACE=dtrace
ac_cv_prog_PKG_CONFIG=pkg-config
ac_cv_prog_ac_ct_AR='libtool -static'
ac_cv_prog_ac_ct_AS=as
ac_cv_prog_ac_ct_CC=clang
ac_cv_prog_ac_ct_LD=ld
ac_cv_prog_ac_ct_NM=nm
ac_cv_prog_ac_ct_OBJDUMP=objdump
ac_cv_prog_ac_ct_RANLIB=:
ac_cv_prog_cc_c89=
ac_cv_prog_cc_g=yes
ac_cv_prog_cxx_g=yes
ac_cv_prog_gcc_traditional=no
ac_cv_prog_make_make_set=yes
ac_cv_target=x86_64-apple-darwin19.6.0
rb_cv_arflags='-no_warning_for_no_symbols -o'
rb_cv_cppoutfile=yes
rb_cv_prog_gnu_ld=no
rb_cv_target_archs=x86_64

## ----------------- ##
## Output variables. ##
## ----------------- ##

ALLOCA=''
AR='libtool -static'
ARCHFILE=''
ARCH_FLAG=''
ARFLAGS='-no_warning_for_no_symbols -o '
AS='as'
ASFLAGS=''
ASMEXT=''
BASERUBY='/usr/local/bin/ruby --disable=gems'
BOOTSTRAPRUBY=''
BTESTRUBY=''
BUILTIN_ENCOBJS=''
BUILTIN_TRANSOBJS=''
BUILTIN_TRANSSRCS=''
CAPITARGET=''
CC='clang'
CCDLFLAGS=''
CC_VERSION='$(CC) --version'
CC_VERSION_MESSAGE='Apple clang version 12.0.0 (clang-1200.0.31.1)
CC_WRAPPER=''
CFLAGS='-g -O2'
CHDIR=''
COMMON_HEADERS=''
COMMON_LIBS=''
COMMON_MACROS=''
CONFIGURE=''
COUTFLAG='-o '
CP=''
CPP='clang -E'
CPPFLAGS=''
CPPOUTFILE='-o conftest.i'
CROSS_COMPILING=''
CSRCFLAG=''
CXX='clang++'
CXXFLAGS='-g -O2'
DEFS=''
DESTDIR=''
DLDFLAGS=''
DLDLIBS=''
DLDSHARED=''
DLEXT2=''
DLEXT=''
DLLWRAP=''
DLNOBJ=''
DOT=''
DOXYGEN=''
DTRACE='dtrace'
DTRACE_EXT=''
DTRACE_OBJ=''
DTRACE_OPT=''
DTRACE_REBUILD=''
ECHO_C='\c'
ECHO_N=''
ECHO_T=''
EGREP='/usr/bin/grep -E'
ENABLE_DEBUG_ENV=''
ENABLE_SHARED=''
ENCOBJS=''
ENCSTATIC=''
EXECUTABLE_EXTS=''
EXEEXT=''
EXPORT_PREFIX=''
EXTDLDFLAGS=''
EXTLDFLAGS=''
EXTOBJS=''
EXTOUT=''
EXTSTATIC=''
GCC='yes'
GIT='git'
GNU_LD='no'
GREP='/usr/bin/grep'
HAVE_BASERUBY='yes'
HAVE_GIT='yes'
INSTALLDOC=''
INSTALL_DATA='${INSTALL} -m 644'
INSTALL_PROGRAM='${INSTALL}'
INSTALL_SCRIPT='${INSTALL}'
INSTALL_STATIC_LIBRARY=''
InstalledDir: /Library/Developer/CommandLineTools/usr/bin'
LD='ld'
LDFLAGS=''
LDSHARED=''
LDSHAREDXX=''
LIBEXT=''
LIBOBJS=''
LIBPATHENV=''
LIBPATHFLAG=''
LIBRUBY=''
LIBRUBYARG=''
LIBRUBYARG_SHARED=''
LIBRUBYARG_STATIC=''
LIBRUBY_A=''
LIBRUBY_ALIASES=''
LIBRUBY_A_OBJS=''
LIBRUBY_DLDFLAGS=''
LIBRUBY_LDSHARED=''
LIBRUBY_RELATIVE=''
LIBRUBY_SO=''
LIBRUBY_SONAME=''
LIBS=''
LINK_SO=''
LN_S='ln -s'
LTLIBOBJS=''
MAINLIBS=''
MAJOR='2'
MAKEDIRS='mkdir -p'
MAKEFILES=''
MANTYPE=''
MATHN=''
MINIOBJS=''
MINIRUBY=''
MINOR='6'
MJIT_CC='/usr/bin/clang'
MJIT_CFLAGS=''
MJIT_DEBUGFLAGS=''
MJIT_HEADER_FLAGS=''
MJIT_HEADER_INSTALL_DIR=''
MJIT_LDSHARED=''
MJIT_OPTFLAGS=''
MJIT_SUPPORT=''
MKDIR_P='mkdir -p'
NM='nm'
NULLCMD=''
OBJCOPY=''
OBJDUMP='objdump'
OBJEXT='o'
OUTFLAG='-o '
PACKAGE=''
PACKAGE_BUGREPORT=''
PACKAGE_NAME=''
PACKAGE_STRING=''
PACKAGE_TARNAME=''
PACKAGE_URL=''
PACKAGE_VERSION=''
PATH_SEPARATOR=':'
PKG_CONFIG='pkg-config'
PLATFORM_DIR=''
POSTLINK=''
PRELOADENV=''
PREP=''
RANLIB=':'
RDOCTARGET=''
RI_BASE_NAME=''
RM=''
RMALL=''
RMDIR=''
RMDIRS=''
RPATHFLAG=''
RUBYW_BASE_NAME='rubyw'
RUBYW_INSTALL_NAME=''
RUBY_API_VERSION='$(MAJOR).$(MINOR)'
RUBY_BASE_NAME='ruby'
RUBY_EXEC_PREFIX=''
RUBY_INSTALL_NAME=''
RUBY_LIB_VERSION=''
RUBY_LIB_VERSION_STYLE=''
RUBY_PROGRAM_VERSION='2.6.4'
RUBY_SEARCH_PATH=''
RUBY_SO_NAME=''
RUBY_VERSION_NAME='${RUBY_BASE_NAME}-${ruby_version}'
RUNRUBY=''
RUNRUBY_COMMAND=''
SET_MAKE=''
SHELL='/bin/sh'
SOEXT=''
SOLIBS=''
STATIC=''
STRIP=''
SYMBOL_PREFIX=''
TEENY='4'
TEST_RUNNABLE=''
THREAD_MODEL=''
TRY_LINK=''
Target: x86_64-apple-darwin19.6.0
Thread model: posix
UNIVERSAL_ARCHNAMES=''
UNIVERSAL_INTS=''
USE_RUBYGEMS=''
WERRORFLAG=''
WINDRES=''
XCC_WRAPPER=''
XCFLAGS=''
XLDFLAGS=''
XRUBY=''
XRUBY_LIBDIR=''
XRUBY_RUBYHDRDIR=''
XRUBY_RUBYLIBDIR=''
X_FIBER_COROUTINE_H=''
ac_ct_AR='libtool -static'
ac_ct_CC='clang'
ac_ct_CXX=''
ac_ct_NM='nm'
ac_ct_OBJCOPY=''
ac_ct_OBJDUMP='objdump'
ac_ct_RANLIB=':'
arch=''
archincludedir=''
archlibdir=''
bindir='${exec_prefix}/bin'
build='x86_64-apple-darwin19.6.0'
build_alias=''
build_cpu='x86_64'
build_os='darwin19.6.0'
build_vendor='apple'
cflags=' ${optflags} ${debugflags} ${warnflags}'
codesign=''
configure_args=''
cppflags=''
cxxflags=' ${optflags} ${debugflags} ${warnflags}'
datadir='${datarootdir}'
datarootdir='${prefix}/share'
debugflags=''
docdir='${datarootdir}/doc/${PACKAGE}'
dsymutil=''
dvidir='${docdir}'
exec=''
exec_prefix='NONE'
host='x86_64-apple-darwin19.6.0'
host_alias=''
host_cpu='x86_64'
host_os='darwin19.6.0'
host_vendor='apple'
htmldir='${docdir}'
includedir='${prefix}/include'
infodir='${datarootdir}/info'
libdir='${exec_prefix}/lib'
libdirname=''
libexecdir='${exec_prefix}/libexec'
localedir='${datarootdir}/locale'
localstatedir='${prefix}/var'
mandir='${datarootdir}/man'
oldincludedir='/usr/include'
optflags='-O3'
pdfdir='${docdir}'
prefix='NONE'
program_transform_name='s&^&&'
psdir='${docdir}'
ridir=''
ruby_pc=''
ruby_version=''
rubyarchdir=''
rubyarchhdrdir=''
rubyarchprefix=''
rubyhdrdir=''
rubylibdir=''
rubylibprefix=''
rubysitearchprefix=''
rubyw_install_name=''
sbindir='${exec_prefix}/sbin'
setup=''
sharedstatedir='${prefix}/com'
sitearch=''
sitearchdir=''
sitearchhdrdir=''
sitearchincludedir=''
sitearchlibdir=''
sitedir=''
sitehdrdir=''
sitelibdir=''
strict_warnflags=''
sysconfdir='${prefix}/etc'
target='x86_64-apple-darwin19'
target_alias=''
target_cpu='x86_64'
target_os='darwin19'
target_vendor='apple'
try_header=''
vendorarchdir=''
vendorarchhdrdir=''
vendordir=''
vendorhdrdir=''
vendorlibdir=''
warnflags=''

## ----------- ##
## confdefs.h. ##
## ----------- ##

/* confdefs.h */
#define PACKAGE_NAME ""
#define PACKAGE_TARNAME ""
#define PACKAGE_VERSION ""
#define PACKAGE_STRING ""
#define PACKAGE_BUGREPORT ""
#define PACKAGE_URL ""

configure: caught signal 2
configure: exit 1
